<?xml version="1.0" encoding="UTF-8"?>
<!-- Generated by org.testng.reporters.JUnitXMLReporter -->
<testsuite hostname="tasol-System-Product-Name" name="SuiteTwoCaseTwo" tests="2" failures="1" timestamp="15 Jul 2015 05:06:41 GMT" time="15.497" errors="0">
  <testcase name="SuiteTwoCaseTwoTest" time="12.242" classname="SuiteTwo.SuiteTwoCaseTwo"/>
  <testcase name="SuiteTwoCaseTwoTest" time="2.669" classname="SuiteTwo.SuiteTwoCaseTwo">
    <failure type="java.lang.AssertionError" message="The following asserts failed:
ActualResult Value 2.5 And ExpectedResult Value 2.0 Not Match">
      <![CDATA[java.lang.AssertionError: The following asserts failed:
ActualResult Value 2.5 And ExpectedResult Value 2.0 Not Match
	at SuiteTwo.SuiteTwoCaseTwo.SuiteTwoCaseTwoTest(SuiteTwoCaseTwo.java:97)
... Removed 26 stack frames]]>
    </failure>
  </testcase> <!-- SuiteTwoCaseTwoTest -->
</testsuite> <!-- SuiteTwoCaseTwo -->
